Build started 6/12/2010 5:21:45 PM.
     1>Project "C:\Users\Sean\Documents\Visual Studio 2008\Projects\Ultimath.NET\Ultimath Library\Ultimath Library.vcxproj" on node 2 (build target(s)).
     1>PrepareForBuild:
         Creating directory "c:\users\sean\documents\visual studio 2010\Projects\woo\Debug\".
       InitializeBuildStatus:
         Touching "Debug\Ultimath Library.unsuccessfulbuild".
       ClCompile:
         All outputs are up-to-date.
       ManifestResourceCompile:
         All outputs are up-to-date.
       Link:
         C:\Program Files (x86)\Microsoft Visual Studio 10.0\VC\bin\link.exe /ERRORREPORT:PROMPT /OUT:"c:\users\sean\documents\visual studio 2010\Projects\woo\Debug\Ultimath Library.exe" /INCREMENTAL /NOLOGO kernel32.lib user32.lib gdi32.lib winspool.lib comdlg32.lib advapi32.lib shell32.lib ole32.lib oleaut32.lib uuid.lib odbc32.lib odbccp32.lib /MANIFEST /ManifestFile:"Debug\Ultimath Library.exe.intermediate.manifest" /MANIFESTUAC:"level='asInvoker' uiAccess='false'" /DEBUG /PDB:"c:\users\sean\documents\visual studio 2010\Projects\woo\Debug\Ultimath Library.pdb" /SUBSYSTEM:CONSOLE /TLBID:1 /DYNAMICBASE /NXCOMPAT /IMPLIB:"c:\users\sean\documents\visual studio 2010\Projects\woo\Debug\Ultimath Library.lib" /MACHINE:X86 "Debug\Ultimath Library.exe.embed.manifest.res"
         Debug\Basics.obj
         Debug\Calculus.obj
         Debug\Chassis.obj
         Debug\Chemistry.obj
         Debug\element.obj
         Debug\Function.obj
         Debug\Physics.obj
       Manifest:
         C:\Program Files (x86)\Microsoft SDKs\Windows\v7.0A\bin\mt.exe /nologo /verbose /out:"Debug\Ultimath Library.exe.embed.manifest" /manifest "Debug\Ultimath Library.exe.intermediate.manifest"
         
     1>mt.exe : general error c101008a: Failed to save the updated manifest to the file "Debug\Ultimath Library.exe.embed.manifest". The parameter is incorrect.
         
     1>Done Building Project "C:\Users\Sean\Documents\Visual Studio 2008\Projects\Ultimath.NET\Ultimath Library\Ultimath Library.vcxproj" (build target(s)) -- FAILED.

Build FAILED.

Time Elapsed 00:00:00.75
